<?xml version="1.0" encoding="UTF-8"?>
<!-- Generated by org.testng.reporters.JUnitReportReporter -->
<testsuite skipped="0" hostname="LAPTOP-37U5HGM7" name="com.gcr.scripts.RegisterScript" tests="1" failures="0" timestamp="2022-07-07T16:58:32 IST" time="62.212" errors="0">
  <testcase name="RegisterScriptTestCase" time="62.212" classname="com.gcr.scripts.RegisterScript"/>
  <system-out/>
</testsuite> <!-- com.gcr.scripts.RegisterScript -->
